d:\uni_2_2\tpv\asteroids\holasdl\debug\vc141.pdb
d:\uni_2_2\tpv\asteroids\holasdl\debug\vc141.idb
d:\uni_2_2\tpv\asteroids\holasdl\debug\music.obj
d:\uni_2_2\tpv\asteroids\holasdl\debug\soundeffect.obj
d:\uni_2_2\tpv\asteroids\holasdl\debug\texture.obj
d:\uni_2_2\tpv\asteroids\holasdl\debug\vector2d.obj
d:\uni_2_2\tpv\asteroids\holasdl\debug\font.obj
d:\uni_2_2\tpv\asteroids\holasdl\debug\collisionmanager.obj
d:\uni_2_2\tpv\asteroids\holasdl\debug\examplegame.obj
d:\uni_2_2\tpv\asteroids\holasdl\debug\fightersmanager.obj
d:\uni_2_2\tpv\asteroids\holasdl\debug\gamemanager.obj
d:\uni_2_2\tpv\asteroids\holasdl\debug\resources.obj
d:\uni_2_2\tpv\asteroids\holasdl\debug\starwarsbulletmanager.obj
d:\uni_2_2\tpv\asteroids\holasdl\debug\guninputcomponent.obj
d:\uni_2_2\tpv\asteroids\holasdl\debug\imagerenderer.obj
d:\uni_2_2\tpv\asteroids\holasdl\debug\inputcomponent.obj
d:\uni_2_2\tpv\asteroids\holasdl\debug\lifebar.obj
d:\uni_2_2\tpv\asteroids\holasdl\debug\miniguninputcomponent.obj
d:\uni_2_2\tpv\asteroids\holasdl\debug\observable.obj
d:\uni_2_2\tpv\asteroids\holasdl\debug\observer.obj
d:\uni_2_2\tpv\asteroids\holasdl\debug\physicscomponent.obj
d:\uni_2_2\tpv\asteroids\holasdl\debug\rendercomponent.obj
d:\uni_2_2\tpv\asteroids\holasdl\debug\rotationinputcomponent.obj
d:\uni_2_2\tpv\asteroids\holasdl\debug\rotationphysicscomponent.obj
d:\uni_2_2\tpv\asteroids\holasdl\debug\sdlgame.obj
d:\uni_2_2\tpv\asteroids\holasdl\debug\scorerenderer.obj
d:\uni_2_2\tpv\asteroids\holasdl\debug\shootbar.obj
d:\uni_2_2\tpv\asteroids\holasdl\debug\skeletonrenderer.obj
d:\uni_2_2\tpv\asteroids\holasdl\debug\soundmanager.obj
d:\uni_2_2\tpv\asteroids\holasdl\debug\xboxcontroller.obj
d:\uni_2_2\tpv\asteroids\holasdl\debug\main.obj
d:\uni_2_2\tpv\asteroids\holasdl\debug\asteroid.obj
d:\uni_2_2\tpv\asteroids\holasdl\debug\asteroidsmanager.obj
d:\uni_2_2\tpv\asteroids\holasdl\debug\badgetimer.obj
d:\uni_2_2\tpv\asteroids\holasdl\debug\basicmotionphysics.obj
d:\uni_2_2\tpv\asteroids\holasdl\debug\bonus.obj
d:\uni_2_2\tpv\asteroids\holasdl\debug\bullet.obj
d:\uni_2_2\tpv\asteroids\holasdl\debug\bulletsmanager.obj
d:\uni_2_2\tpv\asteroids\holasdl\debug\circularmotionphysicscomponent.obj
d:\uni_2_2\tpv\asteroids\holasdl\debug\collisions.obj
d:\uni_2_2\tpv\asteroids\holasdl\debug\componentswitcher.obj
d:\uni_2_2\tpv\asteroids\holasdl\debug\container.obj
d:\uni_2_2\tpv\asteroids\holasdl\debug\fighter.obj
d:\uni_2_2\tpv\asteroids\holasdl\debug\fullrenderer.obj
d:\uni_2_2\tpv\asteroids\holasdl\debug\gamectrlinputcomponent.obj
d:\uni_2_2\tpv\asteroids\holasdl\debug\gamemsgrenderer.obj
d:\uni_2_2\tpv\asteroids\holasdl\debug\gameobject.obj
d:\uni_2_2\tpv\asteroids\holasdl\debug\acelerationinputcomponent.obj
d:\uni_2_2\tpv\asteroids\holasdl\debug\acelerationinputcomponent2.obj
d:\uni_2_2\tpv\asteroids\holasdl\debug\aleatoryphysicscomponent.obj
d:\uni_2_2\tpv\asteroids\holasdl\debug\bonusmanager.obj
d:\uni_2_2\tpv\asteroids\bin\holasdldebug.lib
d:\uni_2_2\tpv\asteroids\bin\holasdldebug.exp
d:\uni_2_2\tpv\asteroids\bin\holasdldebug.ilk
d:\uni_2_2\tpv\asteroids\bin\holasdldebug.exe
d:\uni_2_2\tpv\asteroids\bin\holasdldebug.pdb
d:\uni_2_2\tpv\asteroids\holasdl\debug\ball.obj
d:\uni_2_2\tpv\asteroids\holasdl\debug\ballphysics.obj
d:\uni_2_2\tpv\asteroids\holasdl\debug\basickbctrlcomponent.obj
d:\uni_2_2\tpv\asteroids\holasdl\debug\bounceonbordersphysics.obj
d:\uni_2_2\tpv\asteroids\holasdl\debug\demoactor.obj
d:\uni_2_2\tpv\asteroids\holasdl\debug\fillrectrenderer.obj
d:\uni_2_2\tpv\asteroids\holasdl\debug\gamecomponent.obj
d:\uni_2_2\tpv\asteroids\holasdl\debug\gamemanagerphysics.obj
d:\uni_2_2\tpv\asteroids\holasdl\debug\limitsmotionphysics.obj
d:\uni_2_2\tpv\asteroids\holasdl\debug\paddle.obj
d:\uni_2_2\tpv\asteroids\holasdl\debug\paddleaiphysics.obj
d:\uni_2_2\tpv\asteroids\holasdl\debug\paddlekeyboardcomponent.obj
d:\uni_2_2\tpv\asteroids\holasdl\debug\paddlemouseinputcomponent.obj
d:\uni_2_2\tpv\asteroids\holasdl\debug\paddlephysicscomponent.obj
d:\uni_2_2\tpv\asteroids\holasdl\debug\tranrectrenderer.obj
d:\uni_2_2\tpv\asteroids\holasdl\debug\asteroidsmanager.obj.enc
d:\uni_2_2\tpv\asteroids\holasdl\debug\fightersmanager.obj.enc
d:\uni_2_2\tpv\asteroids\holasdl\debug\gamemanager.obj.enc
d:\uni_2_2\tpv\asteroids\holasdl\debug\starwarsbulletmanager.obj.enc
d:\uni_2_2\tpv\asteroids\holasdl\debug\vc140.idb
d:\uni_2_2\tpv\asteroids\holasdl\debug\vc140.pdb
d:\uni_2_2\tpv\asteroids\holasdl\debug\holasdl.tlog\cl.command.1.tlog
d:\uni_2_2\tpv\asteroids\holasdl\debug\holasdl.tlog\cl.read.1.tlog
d:\uni_2_2\tpv\asteroids\holasdl\debug\holasdl.tlog\cl.write.1.tlog
d:\uni_2_2\tpv\asteroids\holasdl\debug\holasdl.tlog\holasdl.write.1u.tlog
d:\uni_2_2\tpv\asteroids\holasdl\debug\holasdl.tlog\link.command.1.tlog
d:\uni_2_2\tpv\asteroids\holasdl\debug\holasdl.tlog\link.delete.1.tlog
d:\uni_2_2\tpv\asteroids\holasdl\debug\holasdl.tlog\link.read.1.tlog
d:\uni_2_2\tpv\asteroids\holasdl\debug\holasdl.tlog\link.write.1.tlog
